[debug] [2024-09-02T12:02:36.156Z] ----------------------------------------------------------------------
[debug] [2024-09-02T12:02:36.159Z] Command:       C:\Program Files\nodejs\node.exe C:\Users\muano\AppData\Roaming\npm\node_modules\firebase-tools\lib\bin\firebase.js emulators:start --only functions
[debug] [2024-09-02T12:02:36.160Z] CLI Version:   13.16.0
[debug] [2024-09-02T12:02:36.160Z] Platform:      win32
[debug] [2024-09-02T12:02:36.160Z] Node Version:  v20.15.1
[debug] [2024-09-02T12:02:36.160Z] Time:          Mon Sep 02 2024 14:02:36 GMT+0200 (South Africa Standard Time)
[debug] [2024-09-02T12:02:36.160Z] ----------------------------------------------------------------------
[debug] 
[debug] [2024-09-02T12:02:36.291Z] > command requires scopes: ["email","openid","https://www.googleapis.com/auth/cloudplatformprojects.readonly","https://www.googleapis.com/auth/firebase","https://www.googleapis.com/auth/cloud-platform"]
[debug] [2024-09-02T12:02:36.292Z] > authorizing via signed-in user (2573565@students.wits.ac.za)
[info] i  emulators: Starting emulators: functions {"metadata":{"emulator":{"name":"hub"},"message":"Starting emulators: functions"}}
[debug] [2024-09-02T12:02:36.300Z] [logging] Logging Emulator only supports listening on one address (127.0.0.1). Not listening on ::1
[debug] [2024-09-02T12:02:36.300Z] assigned listening specs for emulators {"user":{"hub":[{"address":"127.0.0.1","family":"IPv4","port":4400},{"address":"::1","family":"IPv6","port":4400}],"ui":[{"address":"127.0.0.1","family":"IPv4","port":4000},{"address":"::1","family":"IPv6","port":4000}],"logging":[{"address":"127.0.0.1","family":"IPv4","port":4500}]},"metadata":{"message":"assigned listening specs for emulators"}}
[debug] [2024-09-02T12:02:36.306Z] [hub] writing locator at C:\Users\muano\AppData\Local\Temp\hub-witslivelycampus.json
[debug] [2024-09-02T12:02:36.327Z] [functions] Functions Emulator only supports listening on one address (127.0.0.1). Not listening on ::1
[debug] [2024-09-02T12:02:36.328Z] [eventarc] Eventarc Emulator only supports listening on one address (127.0.0.1). Not listening on ::1
[debug] [2024-09-02T12:02:36.328Z] [tasks] Cloud Tasks Emulator only supports listening on one address (127.0.0.1). Not listening on ::1
[debug] [2024-09-02T12:02:36.328Z] late-assigned ports for functions and eventarc emulators {"user":{"hub":[{"address":"127.0.0.1","family":"IPv4","port":4400},{"address":"::1","family":"IPv6","port":4400}],"ui":[{"address":"127.0.0.1","family":"IPv4","port":4000},{"address":"::1","family":"IPv6","port":4000}],"logging":[{"address":"127.0.0.1","family":"IPv4","port":4500}],"functions":[{"address":"127.0.0.1","family":"IPv4","port":5001}],"eventarc":[{"address":"127.0.0.1","family":"IPv4","port":9299}],"tasks":[{"address":"127.0.0.1","family":"IPv4","port":9499}]},"metadata":{"message":"late-assigned ports for functions and eventarc emulators"}}
[warn] !  functions: The following emulators are not running, calls to these services from the Functions emulator will affect production: auth, firestore, database, hosting, pubsub, storage, dataconnect {"metadata":{"emulator":{"name":"functions"},"message":"The following emulators are not running, calls to these services from the Functions emulator will affect production: \u001b[1mauth, firestore, database, hosting, pubsub, storage, dataconnect\u001b[22m"}}
[debug] [2024-09-02T12:02:36.332Z] defaultcredentials: writing to file C:\Users\muano\AppData\Roaming\firebase\2573565_students_wits.ac.za_application_default_credentials.json
[debug] [2024-09-02T12:02:36.336Z] Setting GAC to C:\Users\muano\AppData\Roaming\firebase\2573565_students_wits.ac.za_application_default_credentials.json {"metadata":{"emulator":{"name":"functions"},"message":"Setting GAC to C:\\Users\\muano\\AppData\\Roaming\\firebase\\2573565_students_wits.ac.za_application_default_credentials.json"}}
[debug] [2024-09-02T12:02:36.338Z] > refreshing access token with scopes: []
[debug] [2024-09-02T12:02:36.340Z] >>> [apiv2][query] POST https://www.googleapis.com/oauth2/v3/token [none]
[debug] [2024-09-02T12:02:36.340Z] >>> [apiv2][body] POST https://www.googleapis.com/oauth2/v3/token [omitted]
[debug] [2024-09-02T12:02:36.867Z] <<< [apiv2][status] POST https://www.googleapis.com/oauth2/v3/token 200
[debug] [2024-09-02T12:02:36.867Z] <<< [apiv2][body] POST https://www.googleapis.com/oauth2/v3/token [omitted]
[debug] [2024-09-02T12:02:37.111Z] >>> [apiv2][query] GET https://firebase.googleapis.com/v1beta1/projects/witslivelycampus/adminSdkConfig [none]
[debug] [2024-09-02T12:02:38.053Z] <<< [apiv2][status] GET https://firebase.googleapis.com/v1beta1/projects/witslivelycampus/adminSdkConfig 200
[debug] [2024-09-02T12:02:38.054Z] <<< [apiv2][body] GET https://firebase.googleapis.com/v1beta1/projects/witslivelycampus/adminSdkConfig {"projectId":"witslivelycampus","databaseURL":"https://witslivelycampus-default-rtdb.firebaseio.com","storageBucket":"witslivelycampus.appspot.com","locationId":"us-central"}
[debug] [2024-09-02T12:02:38.140Z] Ignoring unsupported arg: auto_download {"metadata":{"emulator":{"name":"ui"},"message":"Ignoring unsupported arg: auto_download"}}
[debug] [2024-09-02T12:02:38.141Z] Ignoring unsupported arg: port {"metadata":{"emulator":{"name":"ui"},"message":"Ignoring unsupported arg: port"}}
[debug] [2024-09-02T12:02:38.141Z] Starting Emulator UI with command {"binary":"node","args":["C:\\Users\\muano\\.cache\\firebase\\emulators\\ui-v1.13.0\\server\\server.mjs"],"optionalArgs":[],"joinArgs":false,"shell":false} {"metadata":{"emulator":{"name":"ui"},"message":"Starting Emulator UI with command {\"binary\":\"node\",\"args\":[\"C:\\\\Users\\\\muano\\\\.cache\\\\firebase\\\\emulators\\\\ui-v1.13.0\\\\server\\\\server.mjs\"],\"optionalArgs\":[],\"joinArgs\":false,\"shell\":false}"}}
[info] i  ui: Emulator UI logging to ui-debug.log {"metadata":{"emulator":{"name":"ui"},"message":"Emulator UI logging to \u001b[1mui-debug.log\u001b[22m"}}
[debug] [2024-09-02T12:02:38.294Z] Web / API server started at 127.0.0.1:4000
 {"metadata":{"emulator":{"name":"ui"},"message":"Web / API server started at 127.0.0.1:4000\n"}}
[debug] [2024-09-02T12:02:38.294Z] Web / API server started at ::1:4000
 {"metadata":{"emulator":{"name":"ui"},"message":"Web / API server started at ::1:4000\n"}}
[info] i  functions: Watching "C:\Users\muano\Desktop\LivelyCampusAPI\LivelyCampusAPI\functions" for Cloud Functions... {"metadata":{"emulator":{"name":"functions"},"message":"Watching \"C:\\Users\\muano\\Desktop\\LivelyCampusAPI\\LivelyCampusAPI\\functions\" for Cloud Functions..."}}
[debug] [2024-09-02T12:02:38.380Z] Validating nodejs source
[warn] !  functions: package.json indicates an outdated version of firebase-functions. Please upgrade using npm install --save firebase-functions@latest in your functions directory. 
[debug] [2024-09-02T12:02:39.552Z] > [functions] package.json contents: {
  "name": "functions",
  "description": "Cloud Functions for Firebase",
  "scripts": {
    "lint": "eslint .",
    "serve": "firebase emulators:start --only functions",
    "shell": "firebase functions:shell",
    "start": "npm run shell",
    "deploy": "firebase deploy --only functions",
    "logs": "firebase functions:log"
  },
  "engines": {
    "node": "18"
  },
  "main": "index.js",
  "dependencies": {
    "firebase-admin": "^12.1.0",
    "firebase-functions": "^5.0.0",
    "functions": "file:"
  },
  "devDependencies": {
    "eslint": "^8.15.0",
    "eslint-config-google": "^0.14.0",
    "firebase-functions-test": "^3.1.0"
  },
  "private": true
}
[debug] [2024-09-02T12:02:39.552Z] Building nodejs source
[debug] [2024-09-02T12:02:39.552Z] Failed to find version of module node: reached end of search path C:\Users\muano\Desktop\LivelyCampusAPI\LivelyCampusAPI\functions\node_modules
[warn] !  functions: Your requested "node" version "18" doesn't match your global version "20". Using node@20 from host. 
[debug] [2024-09-02T12:02:39.556Z] Could not find functions.yaml. Must use http discovery
[debug] [2024-09-02T12:02:39.566Z] Found firebase-functions binary at 'C:\Users\muano\Desktop\LivelyCampusAPI\LivelyCampusAPI\functions\node_modules\.bin\firebase-functions'
[info] Serving at port 8015

[debug] [2024-09-02T12:02:40.246Z] Got response from /__/functions.yaml {"endpoints":{"app":{"platform":"gcfv1","availableMemoryMb":null,"timeoutSeconds":null,"minInstances":null,"maxInstances":null,"ingressSettings":null,"serviceAccountEmail":null,"vpc":null,"httpsTrigger":{},"entryPoint":"app"}},"specVersion":"v1alpha1","requiredAPIs":[]}
[info] +  functions: Loaded functions definitions from source: app. {"metadata":{"emulator":{"name":"functions"},"message":"Loaded functions definitions from source: app."}}
[info] +  functions[us-central1-app]: http function initialized (http://127.0.0.1:5001/witslivelycampus/us-central1/app). {"metadata":{"emulator":{"name":"functions"},"message":"\u001b[1mhttp\u001b[22m function initialized (http://127.0.0.1:5001/witslivelycampus/us-central1/app)."}}
[info] 
┌─────────────────────────────────────────────────────────────┐
│ ✔  All emulators ready! It is now safe to connect your app. │
│ i  View Emulator UI at http://127.0.0.1:4000/               │
└─────────────────────────────────────────────────────────────┘

┌───────────┬────────────────┬─────────────────────────────────┐
│ Emulator  │ Host:Port      │ View in Emulator UI             │
├───────────┼────────────────┼─────────────────────────────────┤
│ Functions │ 127.0.0.1:5001 │ http://127.0.0.1:4000/functions │
└───────────┴────────────────┴─────────────────────────────────┘
  Emulator Hub running at 127.0.0.1:4400
  Other reserved ports: 4500

Issues? Report them at https://github.com/firebase/firebase-tools/issues and attach the *-debug.log files.
 
[debug] [2024-09-02T12:02:51.814Z] [work-queue] {"queuedWork":["/witslivelycampus/us-central1/app-2024-09-02T12:02:51.814Z"],"queueLength":1,"runningWork":[],"workRunningCount":0}
[debug] [2024-09-02T12:02:51.814Z] [work-queue] {"queuedWork":[],"queueLength":0,"runningWork":["/witslivelycampus/us-central1/app-2024-09-02T12:02:51.814Z"],"workRunningCount":1}
[debug] [2024-09-02T12:02:51.815Z] Accepted request GET /witslivelycampus/us-central1/app --> us-central1-app
[debug] [2024-09-02T12:02:51.818Z] [functions] Runtime ready! Sending request! {"metadata":{"emulator":{"name":"functions"},"message":"[functions] Runtime ready! Sending request!"}}
[debug] [2024-09-02T12:02:51.819Z] [functions] Got req.url=/witslivelycampus/us-central1/app, mapping to path=/ {"metadata":{"emulator":{"name":"functions"},"message":"[functions] Got req.url=/witslivelycampus/us-central1/app, mapping to path=/"}}
[debug] [2024-09-02T12:02:51.834Z] [worker-pool] addWorker(us-central1-app) {"metadata":{"emulator":{"name":"functions"},"message":"[worker-pool] addWorker(us-central1-app)"}}
[debug] [2024-09-02T12:02:51.835Z] [worker-pool] Adding worker with key us-central1-app, total=1 {"metadata":{"emulator":{"name":"functions"},"message":"[worker-pool] Adding worker with key us-central1-app, total=1"}}
[debug] [2024-09-02T12:02:53.378Z] [runtime-status] [13168] Resolved module firebase-admin {"declared":true,"installed":true,"version":"12.3.1","resolution":"C:\\Users\\muano\\Desktop\\LivelyCampusAPI\\LivelyCampusAPI\\functions\\node_modules\\firebase-admin\\lib\\index.js"} {"metadata":{"emulator":{"name":"functions"},"function":{"name":"us-central1-app"},"extension":{},"message":"[runtime-status] [13168] Resolved module firebase-admin {\"declared\":true,\"installed\":true,\"version\":\"12.3.1\",\"resolution\":\"C:\\\\Users\\\\muano\\\\Desktop\\\\LivelyCampusAPI\\\\LivelyCampusAPI\\\\functions\\\\node_modules\\\\firebase-admin\\\\lib\\\\index.js\"}"}}
[debug] [2024-09-02T12:02:53.381Z] [runtime-status] [13168] Resolved module firebase-functions {"declared":true,"installed":true,"version":"5.0.1","resolution":"C:\\Users\\muano\\Desktop\\LivelyCampusAPI\\LivelyCampusAPI\\functions\\node_modules\\firebase-functions\\lib\\v1\\index.js"} {"metadata":{"emulator":{"name":"functions"},"function":{"name":"us-central1-app"},"extension":{},"message":"[runtime-status] [13168] Resolved module firebase-functions {\"declared\":true,\"installed\":true,\"version\":\"5.0.1\",\"resolution\":\"C:\\\\Users\\\\muano\\\\Desktop\\\\LivelyCampusAPI\\\\LivelyCampusAPI\\\\functions\\\\node_modules\\\\firebase-functions\\\\lib\\\\v1\\\\index.js\"}"}}
[debug] [2024-09-02T12:02:53.381Z] [runtime-status] [13168] Outgoing network have been stubbed. [{"name":"http","status":"mocked"},{"name":"http","status":"mocked"},{"name":"https","status":"mocked"},{"name":"https","status":"mocked"},{"name":"net","status":"mocked"}] {"metadata":{"emulator":{"name":"functions"},"function":{"name":"us-central1-app"},"extension":{},"message":"[runtime-status] [13168] Outgoing network have been stubbed. [{\"name\":\"http\",\"status\":\"mocked\"},{\"name\":\"http\",\"status\":\"mocked\"},{\"name\":\"https\",\"status\":\"mocked\"},{\"name\":\"https\",\"status\":\"mocked\"},{\"name\":\"net\",\"status\":\"mocked\"}]"}}
[debug] [2024-09-02T12:02:53.382Z] [runtime-status] [13168] Resolved module firebase-functions {"declared":true,"installed":true,"version":"5.0.1","resolution":"C:\\Users\\muano\\Desktop\\LivelyCampusAPI\\LivelyCampusAPI\\functions\\node_modules\\firebase-functions\\lib\\v1\\index.js"} {"metadata":{"emulator":{"name":"functions"},"function":{"name":"us-central1-app"},"extension":{},"message":"[runtime-status] [13168] Resolved module firebase-functions {\"declared\":true,\"installed\":true,\"version\":\"5.0.1\",\"resolution\":\"C:\\\\Users\\\\muano\\\\Desktop\\\\LivelyCampusAPI\\\\LivelyCampusAPI\\\\functions\\\\node_modules\\\\firebase-functions\\\\lib\\\\v1\\\\index.js\"}"}}
[debug] [2024-09-02T12:02:53.650Z] [runtime-status] [13168] Checked functions.config() {"config":{}} {"metadata":{"emulator":{"name":"functions"},"function":{"name":"us-central1-app"},"extension":{},"message":"[runtime-status] [13168] Checked functions.config() {\"config\":{}}"}}
[debug] [2024-09-02T12:02:53.651Z] [runtime-status] [13168] firebase-functions has been stubbed. {"functionsResolution":{"declared":true,"installed":true,"version":"5.0.1","resolution":"C:\\Users\\muano\\Desktop\\LivelyCampusAPI\\LivelyCampusAPI\\functions\\node_modules\\firebase-functions\\lib\\v1\\index.js"}} {"metadata":{"emulator":{"name":"functions"},"function":{"name":"us-central1-app"},"extension":{},"message":"[runtime-status] [13168] firebase-functions has been stubbed. {\"functionsResolution\":{\"declared\":true,\"installed\":true,\"version\":\"5.0.1\",\"resolution\":\"C:\\\\Users\\\\muano\\\\Desktop\\\\LivelyCampusAPI\\\\LivelyCampusAPI\\\\functions\\\\node_modules\\\\firebase-functions\\\\lib\\\\v1\\\\index.js\"}}"}}
[debug] [2024-09-02T12:02:53.651Z] [runtime-status] [13168] Resolved module firebase-functions {"declared":true,"installed":true,"version":"5.0.1","resolution":"C:\\Users\\muano\\Desktop\\LivelyCampusAPI\\LivelyCampusAPI\\functions\\node_modules\\firebase-functions\\lib\\v1\\index.js"} {"metadata":{"emulator":{"name":"functions"},"function":{"name":"us-central1-app"},"extension":{},"message":"[runtime-status] [13168] Resolved module firebase-functions {\"declared\":true,\"installed\":true,\"version\":\"5.0.1\",\"resolution\":\"C:\\\\Users\\\\muano\\\\Desktop\\\\LivelyCampusAPI\\\\LivelyCampusAPI\\\\functions\\\\node_modules\\\\firebase-functions\\\\lib\\\\v1\\\\index.js\"}"}}
[debug] [2024-09-02T12:02:53.652Z] [runtime-status] [13168] Resolved module firebase-admin {"declared":true,"installed":true,"version":"12.3.1","resolution":"C:\\Users\\muano\\Desktop\\LivelyCampusAPI\\LivelyCampusAPI\\functions\\node_modules\\firebase-admin\\lib\\index.js"} {"metadata":{"emulator":{"name":"functions"},"function":{"name":"us-central1-app"},"extension":{},"message":"[runtime-status] [13168] Resolved module firebase-admin {\"declared\":true,\"installed\":true,\"version\":\"12.3.1\",\"resolution\":\"C:\\\\Users\\\\muano\\\\Desktop\\\\LivelyCampusAPI\\\\LivelyCampusAPI\\\\functions\\\\node_modules\\\\firebase-admin\\\\lib\\\\index.js\"}"}}
[debug] [2024-09-02T12:02:53.656Z] [runtime-status] [13168] Resolved module firebase-functions {"declared":true,"installed":true,"version":"5.0.1","resolution":"C:\\Users\\muano\\Desktop\\LivelyCampusAPI\\LivelyCampusAPI\\functions\\node_modules\\firebase-functions\\lib\\v1\\index.js"} {"metadata":{"emulator":{"name":"functions"},"function":{"name":"us-central1-app"},"extension":{},"message":"[runtime-status] [13168] Resolved module firebase-functions {\"declared\":true,\"installed\":true,\"version\":\"5.0.1\",\"resolution\":\"C:\\\\Users\\\\muano\\\\Desktop\\\\LivelyCampusAPI\\\\LivelyCampusAPI\\\\functions\\\\node_modules\\\\firebase-functions\\\\lib\\\\v1\\\\index.js\"}"}}
[debug] [2024-09-02T12:02:53.656Z] [runtime-status] [13168] firebase-admin has been stubbed. {"adminResolution":{"declared":true,"installed":true,"version":"12.3.1","resolution":"C:\\Users\\muano\\Desktop\\LivelyCampusAPI\\LivelyCampusAPI\\functions\\node_modules\\firebase-admin\\lib\\index.js"}} {"metadata":{"emulator":{"name":"functions"},"function":{"name":"us-central1-app"},"extension":{},"message":"[runtime-status] [13168] firebase-admin has been stubbed. {\"adminResolution\":{\"declared\":true,\"installed\":true,\"version\":\"12.3.1\",\"resolution\":\"C:\\\\Users\\\\muano\\\\Desktop\\\\LivelyCampusAPI\\\\LivelyCampusAPI\\\\functions\\\\node_modules\\\\firebase-admin\\\\lib\\\\index.js\"}}"}}
[debug] [2024-09-02T12:02:53.696Z] [runtime-status] [13168] initializeApp(DEFAULT) {"credential":{"implicit":false,"projectId":"witslivelycampus","privateKey":"-----BEGIN PRIVATE KEY-----\nMIIEvwIBADANBgkqhkiG9w0BAQEFAASCBKkwggSlAgEAAoIBAQCm2JB8oJ5aR/kx\nVQiiTOfZrdU0F79Fcax8q0fRqsVha3bfwR8dDMMg0MHYJP/dPN779W5qCAh/Uma1\n49S9YwQ5SEfpdwp2EnIb7Q/bv+6W8v0ImiFc/yASGAtNB8Gb250/J0syzKZNZkx7\nSzlOiYLwz2kLun+Ob4+xigrnY7vL6JSCN/uLpG1BCLPnKS4gjNidU53W/gsPeTW/\n/pZoFkhbi6fiMgwkqMlWiGvCYI5wTyRx9Biurn/llvOAa3flOyp5VKks1OFL1FXo\nzJWM96+mP0nzC3StZjoadnqkG/1CWKlb2+MijUi+o5V63+Au+VnwIZDytuC7RQb5\nEgs7d6b3AgMBAAECggEALB2KArHzfNqX/J/HwyZDjY6Fl5sJ04JNgb9GI52cR/iC\nu4IUSHmV5IjeIFkUIDrWmNdZxQZvvL6ccs6VcygJt12xyfzUUsjozBKABXI300jX\nd91NIgpBQBeEcW8yFZRZfRfWLc3n0QJSCa2nruj0KtkkpNnAnXhJDb/6xxjbUHw2\n6VjowpDVCDpRW4CdV1KQctRKcc3JrhG9zg/mWiCvTTFxJje+OF+2dhwIfLyo6tI6\nKLF22aQ27Q7opdXYjLgLmrvxwqAaxE02gI2IdZd7qFvXsXCoR1Ap5LIui4/EGES7\nXjIGyeoOm2dKyP/n1jO+7rQicR/M1P+CUubO+VUB4QKBgQDTthw5cNjDty0VoG/X\nipRzxtQlXnwLKKGC9+zYKuXM+zH0/j2Hg4XVV4dChgEPzS0y41RY6kyaVW04w4gq\neZpHilFlxRzSCTWHjAQV7sZlLpU8Kh/YoMMf3lTDseY/ALjR5rlve55sl4/uKVc8\nUgLbuknxITPjzGZ4ALI/BuZtoQKBgQDJv8DP2CEjsOnX/5c4s0Rp3qn/v7gk6Tyt\nExP13Ds5JFC2JysIXJbUj6DaKFDnWdyt1HLM752cD8rb/TJGarnTlHsenHCO5V8K\nMq26oNSXgWKYKaLkVBMS9CW+g42NvXq08NGRYmMRG7mVxzkLL7UJpjrEHr5AgIHl\nMFVtukndlwKBgQCsLXgI0xjHGwsEgqVSwzZ2biaMeaoiHRo1fFJXf5PCwCvh1n7N\n3g4S8otjc74bTr9Kmo03ft1ryrv4JTVxbdImCnymasdEng61vQ55k+Yv1dGyy4N4\n1025dkSzntPlOz4UHzOCUiQGpsB8bYyv1vbSIlAOVfVwdwSC5fYQwhjW4QKBgQCO\nZcLAsOsLFwamh2eEBLwIAbp5oidmHh3Oh0WyZiSC+4fgWZr9BuUK2OmOsaAQ+xNQ\nuj/hOEtFaLwlM/w1SYUpuoaAH6kuouTG/Og0buo+mXsurUyk3lasLRkq9A2IerHO\nXp98fzYvUCNYfUpdA+pDCko2PQDJ5CpKyyexECistwKBgQCuUhzxElE6TFVtedA1\ny2FQXSlWhnN8/JFIgyezznvkgsOITfHFm3+KYwDZbVFfKgIG+r0QP+3igeLIB/DP\nTptOg5e2P4c4PlYFP9FQMKuNhO2YxF8JynH/nblLPNsG6EbjGOczL8VHsF8chTke\nvKf35t4q1gNUtx8xzSbq4cbl3g==\n-----END PRIVATE KEY-----\n","clientEmail":"firebase-adminsdk-wpz0w@witslivelycampus.iam.gserviceaccount.com","httpClient":{"retry":{"maxRetries":4,"statusCodes":[503],"ioErrorCodes":["ECONNRESET","ETIMEDOUT"],"backOffFactor":0.5,"maxDelayInMillis":60000}}}} {"metadata":{"emulator":{"name":"functions"},"function":{"name":"us-central1-app"},"extension":{},"message":"[runtime-status] [13168] initializeApp(DEFAULT) {\"credential\":{\"implicit\":false,\"projectId\":\"witslivelycampus\",\"privateKey\":\"-----BEGIN PRIVATE KEY-----\\nMIIEvwIBADANBgkqhkiG9w0BAQEFAASCBKkwggSlAgEAAoIBAQCm2JB8oJ5aR/kx\\nVQiiTOfZrdU0F79Fcax8q0fRqsVha3bfwR8dDMMg0MHYJP/dPN779W5qCAh/Uma1\\n49S9YwQ5SEfpdwp2EnIb7Q/bv+6W8v0ImiFc/yASGAtNB8Gb250/J0syzKZNZkx7\\nSzlOiYLwz2kLun+Ob4+xigrnY7vL6JSCN/uLpG1BCLPnKS4gjNidU53W/gsPeTW/\\n/pZoFkhbi6fiMgwkqMlWiGvCYI5wTyRx9Biurn/llvOAa3flOyp5VKks1OFL1FXo\\nzJWM96+mP0nzC3StZjoadnqkG/1CWKlb2+MijUi+o5V63+Au+VnwIZDytuC7RQb5\\nEgs7d6b3AgMBAAECggEALB2KArHzfNqX/J/HwyZDjY6Fl5sJ04JNgb9GI52cR/iC\\nu4IUSHmV5IjeIFkUIDrWmNdZxQZvvL6ccs6VcygJt12xyfzUUsjozBKABXI300jX\\nd91NIgpBQBeEcW8yFZRZfRfWLc3n0QJSCa2nruj0KtkkpNnAnXhJDb/6xxjbUHw2\\n6VjowpDVCDpRW4CdV1KQctRKcc3JrhG9zg/mWiCvTTFxJje+OF+2dhwIfLyo6tI6\\nKLF22aQ27Q7opdXYjLgLmrvxwqAaxE02gI2IdZd7qFvXsXCoR1Ap5LIui4/EGES7\\nXjIGyeoOm2dKyP/n1jO+7rQicR/M1P+CUubO+VUB4QKBgQDTthw5cNjDty0VoG/X\\nipRzxtQlXnwLKKGC9+zYKuXM+zH0/j2Hg4XVV4dChgEPzS0y41RY6kyaVW04w4gq\\neZpHilFlxRzSCTWHjAQV7sZlLpU8Kh/YoMMf3lTDseY/ALjR5rlve55sl4/uKVc8\\nUgLbuknxITPjzGZ4ALI/BuZtoQKBgQDJv8DP2CEjsOnX/5c4s0Rp3qn/v7gk6Tyt\\nExP13Ds5JFC2JysIXJbUj6DaKFDnWdyt1HLM752cD8rb/TJGarnTlHsenHCO5V8K\\nMq26oNSXgWKYKaLkVBMS9CW+g42NvXq08NGRYmMRG7mVxzkLL7UJpjrEHr5AgIHl\\nMFVtukndlwKBgQCsLXgI0xjHGwsEgqVSwzZ2biaMeaoiHRo1fFJXf5PCwCvh1n7N\\n3g4S8otjc74bTr9Kmo03ft1ryrv4JTVxbdImCnymasdEng61vQ55k+Yv1dGyy4N4\\n1025dkSzntPlOz4UHzOCUiQGpsB8bYyv1vbSIlAOVfVwdwSC5fYQwhjW4QKBgQCO\\nZcLAsOsLFwamh2eEBLwIAbp5oidmHh3Oh0WyZiSC+4fgWZr9BuUK2OmOsaAQ+xNQ\\nuj/hOEtFaLwlM/w1SYUpuoaAH6kuouTG/Og0buo+mXsurUyk3lasLRkq9A2IerHO\\nXp98fzYvUCNYfUpdA+pDCko2PQDJ5CpKyyexECistwKBgQCuUhzxElE6TFVtedA1\\ny2FQXSlWhnN8/JFIgyezznvkgsOITfHFm3+KYwDZbVFfKgIG+r0QP+3igeLIB/DP\\nTptOg5e2P4c4PlYFP9FQMKuNhO2YxF8JynH/nblLPNsG6EbjGOczL8VHsF8chTke\\nvKf35t4q1gNUtx8xzSbq4cbl3g==\\n-----END PRIVATE KEY-----\\n\",\"clientEmail\":\"firebase-adminsdk-wpz0w@witslivelycampus.iam.gserviceaccount.com\",\"httpClient\":{\"retry\":{\"maxRetries\":4,\"statusCodes\":[503],\"ioErrorCodes\":[\"ECONNRESET\",\"ETIMEDOUT\"],\"backOffFactor\":0.5,\"maxDelayInMillis\":60000}}}}"}}
[warn] !  functions: The Cloud Firestore emulator is not running, so calls to Firestore will affect production. {"metadata":{"emulator":{"name":"functions"},"function":{"name":"us-central1-app"},"extension":{},"message":"The Cloud Firestore emulator is not running, so calls to Firestore will affect production."}}
[debug] [2024-09-02T12:02:53.842Z] [runtime-status] [13168] Functions runtime initialized. {"cwd":"C:\\Users\\muano\\Desktop\\LivelyCampusAPI\\LivelyCampusAPI\\functions","node_version":"20.15.1"} {"metadata":{"emulator":{"name":"functions"},"function":{"name":"us-central1-app"},"extension":{},"message":"[runtime-status] [13168] Functions runtime initialized. {\"cwd\":\"C:\\\\Users\\\\muano\\\\Desktop\\\\LivelyCampusAPI\\\\LivelyCampusAPI\\\\functions\",\"node_version\":\"20.15.1\"}"}}
[debug] [2024-09-02T12:02:53.842Z] [runtime-status] [13168] Listening to port: \\?\pipe\fire_emu_3692395c067ae1c4 {"metadata":{"emulator":{"name":"functions"},"function":{"name":"us-central1-app"},"extension":{},"message":"[runtime-status] [13168] Listening to port: \\\\?\\pipe\\fire_emu_3692395c067ae1c4"}}
[debug] [2024-09-02T12:02:53.928Z] [worker-us-central1-app-2a19db7e-0dfc-4f26-b0fe-b432307defae]: IDLE {"metadata":{"emulator":{"name":"functions"},"function":{"name":"us-central1-app"},"extension":{},"message":"[worker-us-central1-app-2a19db7e-0dfc-4f26-b0fe-b432307defae]: IDLE"}}
[debug] [2024-09-02T12:02:53.928Z] [worker-pool] submitRequest(triggerId=us-central1-app) {"metadata":{"emulator":{"name":"functions"},"message":"[worker-pool] submitRequest(triggerId=us-central1-app)"}}
[info] i  functions: Beginning execution of "us-central1-app" {"metadata":{"emulator":{"name":"functions"},"function":{"name":"us-central1-app"},"extension":{},"message":"Beginning execution of \"us-central1-app\""}}
[debug] [2024-09-02T12:02:53.929Z] [worker-us-central1-app-2a19db7e-0dfc-4f26-b0fe-b432307defae]: BUSY {"metadata":{"emulator":{"name":"functions"},"function":{"name":"us-central1-app"},"extension":{},"message":"[worker-us-central1-app-2a19db7e-0dfc-4f26-b0fe-b432307defae]: BUSY"}}
[debug] [2024-09-02T12:02:53.935Z] Finishing up request with event=pause {"metadata":{"emulator":{"name":"functions"},"function":{"name":"us-central1-app"},"extension":{},"message":"Finishing up request with event=pause"}}
[info] i  functions: Finished "us-central1-app" in 6.3082ms {"metadata":{"emulator":{"name":"functions"},"function":{"name":"us-central1-app"},"extension":{},"message":"Finished \"us-central1-app\" in 6.3082ms"}}
[debug] [2024-09-02T12:02:53.936Z] [worker-us-central1-app-2a19db7e-0dfc-4f26-b0fe-b432307defae]: IDLE {"metadata":{"emulator":{"name":"functions"},"function":{"name":"us-central1-app"},"extension":{},"message":"[worker-us-central1-app-2a19db7e-0dfc-4f26-b0fe-b432307defae]: IDLE"}}
[debug] [2024-09-02T12:02:53.937Z] Finishing up request with event=finish {"metadata":{"emulator":{"name":"functions"},"function":{"name":"us-central1-app"},"extension":{},"message":"Finishing up request with event=finish"}}
[debug] [2024-09-02T12:02:53.937Z] Finishing up request with event=close {"metadata":{"emulator":{"name":"functions"},"function":{"name":"us-central1-app"},"extension":{},"message":"Finishing up request with event=close"}}
[debug] [2024-09-02T12:02:53.938Z] [work-queue] {"queuedWork":[],"queueLength":0,"runningWork":[],"workRunningCount":0}
[debug] [2024-09-02T12:02:58.556Z] [work-queue] {"queuedWork":["/witslivelycampus/us-central1/app/events-2024-09-02T12:02:58.556Z"],"queueLength":1,"runningWork":[],"workRunningCount":0}
[debug] [2024-09-02T12:02:58.556Z] [work-queue] {"queuedWork":[],"queueLength":0,"runningWork":["/witslivelycampus/us-central1/app/events-2024-09-02T12:02:58.556Z"],"workRunningCount":1}
[debug] [2024-09-02T12:02:58.557Z] Accepted request GET /witslivelycampus/us-central1/app/events --> us-central1-app
[debug] [2024-09-02T12:02:58.560Z] [functions] Runtime ready! Sending request! {"metadata":{"emulator":{"name":"functions"},"message":"[functions] Runtime ready! Sending request!"}}
[debug] [2024-09-02T12:02:58.561Z] [functions] Got req.url=/witslivelycampus/us-central1/app/events, mapping to path=/events {"metadata":{"emulator":{"name":"functions"},"message":"[functions] Got req.url=/witslivelycampus/us-central1/app/events, mapping to path=/events"}}
[debug] [2024-09-02T12:02:58.561Z] [worker-pool] submitRequest(triggerId=us-central1-app) {"metadata":{"emulator":{"name":"functions"},"message":"[worker-pool] submitRequest(triggerId=us-central1-app)"}}
[info] i  functions: Beginning execution of "us-central1-app" {"metadata":{"emulator":{"name":"functions"},"function":{"name":"us-central1-app"},"extension":{},"message":"Beginning execution of \"us-central1-app\""}}
[debug] [2024-09-02T12:02:58.562Z] [worker-us-central1-app-2a19db7e-0dfc-4f26-b0fe-b432307defae]: BUSY {"metadata":{"emulator":{"name":"functions"},"function":{"name":"us-central1-app"},"extension":{},"message":"[worker-us-central1-app-2a19db7e-0dfc-4f26-b0fe-b432307defae]: BUSY"}}
[debug] [2024-09-02T12:03:00.865Z] Finishing up request with event=pause {"metadata":{"emulator":{"name":"functions"},"function":{"name":"us-central1-app"},"extension":{},"message":"Finishing up request with event=pause"}}
[info] i  functions: Finished "us-central1-app" in 2303.4911ms {"metadata":{"emulator":{"name":"functions"},"function":{"name":"us-central1-app"},"extension":{},"message":"Finished \"us-central1-app\" in 2303.4911ms"}}
[debug] [2024-09-02T12:03:00.866Z] [worker-us-central1-app-2a19db7e-0dfc-4f26-b0fe-b432307defae]: IDLE {"metadata":{"emulator":{"name":"functions"},"function":{"name":"us-central1-app"},"extension":{},"message":"[worker-us-central1-app-2a19db7e-0dfc-4f26-b0fe-b432307defae]: IDLE"}}
[debug] [2024-09-02T12:03:00.866Z] Finishing up request with event=finish {"metadata":{"emulator":{"name":"functions"},"function":{"name":"us-central1-app"},"extension":{},"message":"Finishing up request with event=finish"}}
[debug] [2024-09-02T12:03:00.867Z] Finishing up request with event=close {"metadata":{"emulator":{"name":"functions"},"function":{"name":"us-central1-app"},"extension":{},"message":"Finishing up request with event=close"}}
[debug] [2024-09-02T12:03:00.867Z] [work-queue] {"queuedWork":[],"queueLength":0,"runningWork":[],"workRunningCount":0}
[debug] [2024-09-02T12:12:14.829Z] File C:\Users\muano\Desktop\LivelyCampusAPI\LivelyCampusAPI\functions\package-lock.json changed, reloading triggers {"metadata":{"emulator":{"name":"functions"},"message":"File C:\\Users\\muano\\Desktop\\LivelyCampusAPI\\LivelyCampusAPI\\functions\\package-lock.json changed, reloading triggers"}}
